<?xml version="1.0" encoding="UTF-8"?>
<!-- Generated by org.testng.reporters.JUnitXMLReporter -->
<testsuite hostname="dv-weshao-1" ignored="2" name="OnlyRunStu" tests="4" failures="0" timestamp="22 Sep 2019 07:19:53 GMT" time="0.016" errors="0">
  <testcase name="stu1" time="0.0" classname="com.source.code.groups.GroupsOnClass1"/>
  <testcase name="stu2" time="0.0" classname="com.source.code.groups.GroupsOnClass1"/>
  <testcase name="stu1" time="0.016" classname="com.source.code.groups.GroupsOnClass2"/>
  <testcase name="stu2" time="0.0" classname="com.source.code.groups.GroupsOnClass2"/>
  <testcase name="teacher1" time="0.0" classname="com.source.code.groups.GroupsOnClass3">
    <ignored/>
  </testcase> <!-- teacher1 -->
  <testcase name="teacher2" time="0.0" classname="com.source.code.groups.GroupsOnClass3">
    <ignored/>
  </testcase> <!-- teacher2 -->
</testsuite> <!-- OnlyRunStu -->
