<?xml version="1.0" encoding="UTF-8"?>
<!-- Generated by org.testng.reporters.JUnitXMLReporter -->
<testsuite hostname="dv-weshao-1" ignored="0" name="testall" tests="6" failures="0" timestamp="22 Sep 2019 07:19:53 GMT" time="0.078" errors="0">
  <testcase name="stu1" time="0.016" classname="com.source.code.groups.GroupsOnClass1"/>
  <testcase name="stu2" time="0.016" classname="com.source.code.groups.GroupsOnClass1"/>
  <testcase name="stu1" time="0.0" classname="com.source.code.groups.GroupsOnClass2"/>
  <testcase name="stu2" time="0.0" classname="com.source.code.groups.GroupsOnClass2"/>
  <testcase name="teacher1" time="0.0" classname="com.source.code.groups.GroupsOnClass3"/>
  <testcase name="teacher2" time="0.015" classname="com.source.code.groups.GroupsOnClass3"/>
</testsuite> <!-- testall -->
