<?xml version="1.0" encoding="UTF-8"?>
<testng-results skipped="0" failed="0" ignored="0" total="2" passed="2">
  <reporter-output>
  </reporter-output>
  <suite name="test" duration-ms="78" started-at="2019-09-21T14:31:08Z" finished-at="2019-09-21T14:31:08Z">
    <groups>
    </groups>
    <test name="login" duration-ms="31" started-at="2019-09-21T14:31:08Z" finished-at="2019-09-21T14:31:08Z">
      <class name="com.source.code.autotest.suite.LoginTest">
        <test-method status="PASS" signature="loginTaoBao()[pri:0, instance:com.source.code.autotest.suite.LoginTest@402f32ff]" name="loginTaoBao" duration-ms="0" started-at="2019-09-21T07:31:08Z" finished-at="2019-09-21T07:31:08Z">
          <reporter-output>
          </reporter-output>
        </test-method> <!-- loginTaoBao -->
      </class> <!-- com.source.code.autotest.suite.LoginTest -->
      <class name="com.source.code.autotest.suite.SuiteConfig">
        <test-method status="PASS" signature="beforeTest()[pri:0, instance:com.source.code.autotest.suite.SuiteConfig@48eff760]" name="beforeTest" is-config="true" duration-ms="0" started-at="2019-09-21T07:31:08Z" finished-at="2019-09-21T07:31:08Z">
          <reporter-output>
          </reporter-output>
        </test-method> <!-- beforeTest -->
        <test-method status="PASS" signature="afterTest()[pri:0, instance:com.source.code.autotest.suite.SuiteConfig@48eff760]" name="afterTest" is-config="true" duration-ms="0" started-at="2019-09-21T07:31:08Z" finished-at="2019-09-21T07:31:08Z">
          <reporter-output>
          </reporter-output>
        </test-method> <!-- afterTest -->
      </class> <!-- com.source.code.autotest.suite.SuiteConfig -->
    </test> <!-- login -->
    <test name="pay" duration-ms="16" started-at="2019-09-21T14:31:08Z" finished-at="2019-09-21T14:31:08Z">
      <class name="com.source.code.autotest.suite.SuiteConfig">
        <test-method status="PASS" signature="beforeSuite()[pri:0, instance:com.source.code.autotest.suite.SuiteConfig@7dc7cbad]" name="beforeSuite" is-config="true" duration-ms="16" started-at="2019-09-21T07:31:08Z" finished-at="2019-09-21T07:31:08Z">
          <reporter-output>
          </reporter-output>
        </test-method> <!-- beforeSuite -->
        <test-method status="PASS" signature="beforeTest()[pri:0, instance:com.source.code.autotest.suite.SuiteConfig@7dc7cbad]" name="beforeTest" is-config="true" duration-ms="0" started-at="2019-09-21T07:31:08Z" finished-at="2019-09-21T07:31:08Z">
          <reporter-output>
          </reporter-output>
        </test-method> <!-- beforeTest -->
        <test-method status="PASS" signature="afterSuite()[pri:0, instance:com.source.code.autotest.suite.SuiteConfig@7dc7cbad]" name="afterSuite" is-config="true" duration-ms="0" started-at="2019-09-21T07:31:08Z" finished-at="2019-09-21T07:31:08Z">
          <reporter-output>
          </reporter-output>
        </test-method> <!-- afterSuite -->
        <test-method status="PASS" signature="afterTest()[pri:0, instance:com.source.code.autotest.suite.SuiteConfig@7dc7cbad]" name="afterTest" is-config="true" duration-ms="0" started-at="2019-09-21T07:31:08Z" finished-at="2019-09-21T07:31:08Z">
          <reporter-output>
          </reporter-output>
        </test-method> <!-- afterTest -->
      </class> <!-- com.source.code.autotest.suite.SuiteConfig -->
      <class name="com.source.code.autotest.suite.PayTest">
        <test-method status="PASS" signature="payTest()[pri:0, instance:com.source.code.autotest.suite.PayTest@d2cc05a]" name="payTest" duration-ms="16" started-at="2019-09-21T07:31:08Z" finished-at="2019-09-21T07:31:08Z">
          <reporter-output>
          </reporter-output>
        </test-method> <!-- payTest -->
      </class> <!-- com.source.code.autotest.suite.PayTest -->
    </test> <!-- pay -->
  </suite> <!-- test -->
</testng-results>
