<?xml version="1.0" encoding="UTF-8"?>
<!-- Generated by org.testng.reporters.JUnitXMLReporter -->
<testsuite hostname="dv-weshao-1" ignored="0" name="Default test" tests="4" failures="0" timestamp="22 Sep 2019 03:13:24 GMT" time="0.063" errors="0">
  <testcase name="test1" time="0.0" classname="com.source.code.groups.GroupsOnMethods"/>
  <testcase name="test2" time="0.0" classname="com.source.code.groups.GroupsOnMethods"/>
  <testcase name="test3" time="0.0" classname="com.source.code.groups.GroupsOnMethods"/>
  <testcase name="test4" time="0.0" classname="com.source.code.groups.GroupsOnMethods"/>
</testsuite> <!-- Default test -->
