<?xml version="1.0" encoding="UTF-8"?>
<!-- Generated by org.testng.reporters.JUnitXMLReporter -->
<testsuite hostname="dv-weshao-1" ignored="2" name="Default test" tests="2" failures="0" timestamp="22 Sep 2019 12:06:24 GMT" time="0.047" errors="0">
  <testcase name="test2" time="0.016" classname="com.source.code.parameter.DataProviderTest"/>
  <testcase name="test2" time="0.0" classname="com.source.code.parameter.DataProviderTest"/>
  <testcase name="test1" time="0.0" classname="com.source.code.parameter.DataProviderTest">
    <ignored/>
  </testcase> <!-- test1 -->
  <testcase name="testDataProvider" time="0.0" classname="com.source.code.parameter.DataProviderTest">
    <ignored/>
  </testcase> <!-- testDataProvider -->
</testsuite> <!-- Default test -->
